Vivado Simulator v2023.1
Copyright 1986-2022 Xilinx, Inc. All Rights Reserved.
Copyright 2022-2023 Advanced Micro Devices, Inc. All Rights Reserved.
Running: C:/Xilinx/Vivado/2023.1/bin/unwrapped/win64.o/xelab.exe --incr --debug typical --relax --mt 2 -L xil_defaultlib -L secureip --snapshot SD_filter_testbench_behav xil_defaultlib.SD_filter_testbench -log elaborate.log 
Using 2 slave threads.
Starting static elaboration
Completed static elaboration
Starting simulation data flow analysis
Completed simulation data flow analysis
Time Resolution for simulation is 1ps
Compiling package std.standard
Compiling package std.textio
Compiling package ieee.std_logic_1164
Compiling package ieee.numeric_std
Compiling package xil_defaultlib.sd_filter_pkg
Compiling architecture behavioral of entity xil_defaultlib.bitstream_gen [bitstream_gen_default]
Compiling architecture behavioral of entity xil_defaultlib.DFF [dff_default]
Compiling architecture behavioral of entity xil_defaultlib.FIR_rect [fir_rect_default]
Compiling architecture behavioral of entity xil_defaultlib.IIR_LP1o [iir_lp1o_default]
Compiling architecture behavioral of entity xil_defaultlib.sd_filter_testbench
Built simulation snapshot SD_filter_testbench_behav
