Vivado Simulator v2023.1
Copyright 1986-2022 Xilinx, Inc. All Rights Reserved.
Copyright 2022-2023 Advanced Micro Devices, Inc. All Rights Reserved.
Running: C:/Xilinx/Vivado/2023.1/bin/unwrapped/win64.o/xelab.exe --incr --debug typical --relax --mt 2 -L xil_defaultlib -L unisims_ver -L unimacro_ver -L secureip -L xpm --snapshot TL_behav xil_defaultlib.TL xil_defaultlib.glbl -log elaborate.log 
Using 2 slave threads.
Starting static elaboration
Pass Through NonSizing Optimizer
Completed static elaboration
Starting simulation data flow analysis
Completed simulation data flow analysis
Time Resolution for simulation is 1ps
Compiling package std.standard
Compiling package std.textio
Compiling package ieee.std_logic_1164
Compiling package vl.vl_types
Compiling module xil_defaultlib.glbl
Compiling architecture behavioral of entity xil_defaultlib.DFF [dff_default]
Compiling architecture mix of entity xil_defaultlib.SIPO_shift_reg [sipo_shift_reg_default]
Compiling architecture rtl of entity xil_defaultlib.MUX [mux_default]
Compiling architecture mix of entity xil_defaultlib.PISO_shift_reg [piso_shift_reg_default]
Compiling architecture mix of entity xil_defaultlib.data_flow [data_flow_default]
Compiling module unisims_ver.IBUF
Compiling module unisims_ver.PLLE2_ADV(CLKFBOUT_MULT=41,CLKIN...
Compiling module unisims_ver.BUFG
Compiling module xil_defaultlib.Int_PLL_clk_wiz
Compiling module xil_defaultlib.Int_PLL
Compiling architecture structural of entity xil_defaultlib.tl
Built simulation snapshot TL_behav
