
*** Running vivado
    with args -log TL.vds -m64 -product Vivado -mode batch -messageDb vivado.pb -notrace -source TL.tcl


ECHO is off.
ECHO is off.

****** Vivado v2023.2 (64-bit)
  **** SW Build 4029153 on Fri Oct 13 20:14:34 MDT 2023
  **** IP Build 4028589 on Sat Oct 14 00:45:43 MDT 2023
  **** SharedData Build 4025554 on Tue Oct 10 17:18:54 MDT 2023
    ** Copyright 1986-2022 Xilinx, Inc. All Rights Reserved.
    ** Copyright 2022-2023 Advanced Micro Devices, Inc. All Rights Reserved.

source TL.tcl -notrace
create_project: Time (s): cpu = 00:00:07 ; elapsed = 00:00:08 . Memory (MB): peak = 467.105 ; gain = 181.914
Command: read_checkpoint -auto_incremental -incremental D:/git/digital-circuits-design-workspace/Vivado/projectSemester/projectSemester.srcs/utils_1/imports/synth_1/SIPO_shift_reg.dcp
INFO: [Vivado 12-5825] Read reference checkpoint from D:/git/digital-circuits-design-workspace/Vivado/projectSemester/projectSemester.srcs/utils_1/imports/synth_1/SIPO_shift_reg.dcp for incremental synthesis
INFO: [Vivado 12-7989] Please ensure there are no constraint changes
Command: synth_design -top TL -part xc7z020clg484-1
Starting synth_design
INFO: [IP_Flow 19-2162] IP 'Int_PLL' is locked:
* IP definition 'Clocking Wizard (6.0)' for IP 'Int_PLL' (customized with software release 2023.1) has a different revision in the IP Catalog. * This IP has board specific outputs. Current project board 'unset' and the board 'avnet.com:zedboard:part0:1.4' used to customize the IP 'Int_PLL' do not match.
Attempting to get a license for feature 'Synthesis' and/or device 'xc7z020'
INFO: [Common 17-349] Got license for feature 'Synthesis' and/or device 'xc7z020'
WARNING: [Vivado_Tcl 4-1809] The reference checkpoint is from an old version of Vivado; A full resynthesis flow will be run
INFO: [Device 21-403] Loading part xc7z020clg484-1
INFO: [Designutils 20-5440] No compile time benefit to using incremental synthesis; A full resynthesis will be run
INFO: [Designutils 20-4379] Flow is switching to default flow due to incremental criteria not met. If you would like to alter this behaviour and have the flow terminate instead, please set the following parameter config_implementation {autoIncr.Synth.RejectBehavior Terminate}
INFO: [Synth 8-7079] Multithreading enabled for synth_design using a maximum of 2 processes.
INFO: [Synth 8-7078] Launching helper process for spawning children vivado processes
INFO: [Synth 8-7075] Helper process launched with PID 12960
---------------------------------------------------------------------------------
Starting RTL Elaboration : Time (s): cpu = 00:00:06 ; elapsed = 00:00:07 . Memory (MB): peak = 1341.531 ; gain = 439.258
---------------------------------------------------------------------------------
INFO: [Synth 8-638] synthesizing module 'TL' [D:/git/digital-circuits-design-workspace/ModelSim/projectSemester/src/TL.vhdl:19]
INFO: [Synth 8-3491] module 'SIPO_shift_reg' declared at 'D:/git/digital-circuits-design-workspace/ModelSim/projectSemester/src/SIPO_shift_reg.vhdl:6' bound to instance 'comp1' of component 'SIPO_shift_reg' [D:/git/digital-circuits-design-workspace/ModelSim/projectSemester/src/TL.vhdl:81]
INFO: [Synth 8-638] synthesizing module 'SIPO_shift_reg' [D:/git/digital-circuits-design-workspace/ModelSim/projectSemester/src/SIPO_shift_reg.vhdl:18]
INFO: [Synth 8-3491] module 'DFF' declared at 'D:/git/digital-circuits-design-workspace/ModelSim/projectSemester/src/DFF.vhdl:4' bound to instance 'SIPO_reg' of component 'DFF' [D:/git/digital-circuits-design-workspace/ModelSim/projectSemester/src/SIPO_shift_reg.vhdl:43]
INFO: [Synth 8-638] synthesizing module 'DFF' [D:/git/digital-circuits-design-workspace/ModelSim/projectSemester/src/DFF.vhdl:14]
INFO: [Synth 8-256] done synthesizing module 'DFF' (0#1) [D:/git/digital-circuits-design-workspace/ModelSim/projectSemester/src/DFF.vhdl:14]
INFO: [Synth 8-3491] module 'DFF' declared at 'D:/git/digital-circuits-design-workspace/ModelSim/projectSemester/src/DFF.vhdl:4' bound to instance 'memory_reg' of component 'DFF' [D:/git/digital-circuits-design-workspace/ModelSim/projectSemester/src/SIPO_shift_reg.vhdl:49]
INFO: [Synth 8-3491] module 'DFF' declared at 'D:/git/digital-circuits-design-workspace/ModelSim/projectSemester/src/DFF.vhdl:4' bound to instance 'SIPO_reg' of component 'DFF' [D:/git/digital-circuits-design-workspace/ModelSim/projectSemester/src/SIPO_shift_reg.vhdl:43]
INFO: [Synth 8-3491] module 'DFF' declared at 'D:/git/digital-circuits-design-workspace/ModelSim/projectSemester/src/DFF.vhdl:4' bound to instance 'memory_reg' of component 'DFF' [D:/git/digital-circuits-design-workspace/ModelSim/projectSemester/src/SIPO_shift_reg.vhdl:49]
INFO: [Synth 8-3491] module 'DFF' declared at 'D:/git/digital-circuits-design-workspace/ModelSim/projectSemester/src/DFF.vhdl:4' bound to instance 'SIPO_reg' of component 'DFF' [D:/git/digital-circuits-design-workspace/ModelSim/projectSemester/src/SIPO_shift_reg.vhdl:43]
INFO: [Synth 8-3491] module 'DFF' declared at 'D:/git/digital-circuits-design-workspace/ModelSim/projectSemester/src/DFF.vhdl:4' bound to instance 'memory_reg' of component 'DFF' [D:/git/digital-circuits-design-workspace/ModelSim/projectSemester/src/SIPO_shift_reg.vhdl:49]
INFO: [Synth 8-3491] module 'DFF' declared at 'D:/git/digital-circuits-design-workspace/ModelSim/projectSemester/src/DFF.vhdl:4' bound to instance 'SIPO_reg' of component 'DFF' [D:/git/digital-circuits-design-workspace/ModelSim/projectSemester/src/SIPO_shift_reg.vhdl:43]
INFO: [Synth 8-3491] module 'DFF' declared at 'D:/git/digital-circuits-design-workspace/ModelSim/projectSemester/src/DFF.vhdl:4' bound to instance 'memory_reg' of component 'DFF' [D:/git/digital-circuits-design-workspace/ModelSim/projectSemester/src/SIPO_shift_reg.vhdl:49]
INFO: [Synth 8-3491] module 'DFF' declared at 'D:/git/digital-circuits-design-workspace/ModelSim/projectSemester/src/DFF.vhdl:4' bound to instance 'SIPO_reg' of component 'DFF' [D:/git/digital-circuits-design-workspace/ModelSim/projectSemester/src/SIPO_shift_reg.vhdl:43]
INFO: [Synth 8-3491] module 'DFF' declared at 'D:/git/digital-circuits-design-workspace/ModelSim/projectSemester/src/DFF.vhdl:4' bound to instance 'memory_reg' of component 'DFF' [D:/git/digital-circuits-design-workspace/ModelSim/projectSemester/src/SIPO_shift_reg.vhdl:49]
INFO: [Synth 8-3491] module 'DFF' declared at 'D:/git/digital-circuits-design-workspace/ModelSim/projectSemester/src/DFF.vhdl:4' bound to instance 'SIPO_reg' of component 'DFF' [D:/git/digital-circuits-design-workspace/ModelSim/projectSemester/src/SIPO_shift_reg.vhdl:43]
INFO: [Synth 8-3491] module 'DFF' declared at 'D:/git/digital-circuits-design-workspace/ModelSim/projectSemester/src/DFF.vhdl:4' bound to instance 'memory_reg' of component 'DFF' [D:/git/digital-circuits-design-workspace/ModelSim/projectSemester/src/SIPO_shift_reg.vhdl:49]
INFO: [Synth 8-3491] module 'DFF' declared at 'D:/git/digital-circuits-design-workspace/ModelSim/projectSemester/src/DFF.vhdl:4' bound to instance 'SIPO_reg' of component 'DFF' [D:/git/digital-circuits-design-workspace/ModelSim/projectSemester/src/SIPO_shift_reg.vhdl:43]
INFO: [Synth 8-3491] module 'DFF' declared at 'D:/git/digital-circuits-design-workspace/ModelSim/projectSemester/src/DFF.vhdl:4' bound to instance 'memory_reg' of component 'DFF' [D:/git/digital-circuits-design-workspace/ModelSim/projectSemester/src/SIPO_shift_reg.vhdl:49]
INFO: [Synth 8-3491] module 'DFF' declared at 'D:/git/digital-circuits-design-workspace/ModelSim/projectSemester/src/DFF.vhdl:4' bound to instance 'SIPO_reg' of component 'DFF' [D:/git/digital-circuits-design-workspace/ModelSim/projectSemester/src/SIPO_shift_reg.vhdl:43]
INFO: [Synth 8-3491] module 'DFF' declared at 'D:/git/digital-circuits-design-workspace/ModelSim/projectSemester/src/DFF.vhdl:4' bound to instance 'memory_reg' of component 'DFF' [D:/git/digital-circuits-design-workspace/ModelSim/projectSemester/src/SIPO_shift_reg.vhdl:49]
INFO: [Synth 8-256] done synthesizing module 'SIPO_shift_reg' (0#1) [D:/git/digital-circuits-design-workspace/ModelSim/projectSemester/src/SIPO_shift_reg.vhdl:18]
INFO: [Synth 8-3491] module 'PISO_shift_reg' declared at 'D:/git/digital-circuits-design-workspace/ModelSim/projectSemester/src/PISO_shift_reg.vhdl:6' bound to instance 'comp2' of component 'PISO_shift_reg' [D:/git/digital-circuits-design-workspace/ModelSim/projectSemester/src/TL.vhdl:92]
INFO: [Synth 8-638] synthesizing module 'PISO_shift_reg' [D:/git/digital-circuits-design-workspace/ModelSim/projectSemester/src/PISO_shift_reg.vhdl:18]
INFO: [Synth 8-3491] module 'MUX' declared at 'D:/git/digital-circuits-design-workspace/ModelSim/projectSemester/src/MUX.vhdl:4' bound to instance 'mux_reg' of component 'MUX' [D:/git/digital-circuits-design-workspace/ModelSim/projectSemester/src/PISO_shift_reg.vhdl:55]
INFO: [Synth 8-638] synthesizing module 'MUX' [D:/git/digital-circuits-design-workspace/ModelSim/projectSemester/src/MUX.vhdl:13]
INFO: [Synth 8-256] done synthesizing module 'MUX' (0#1) [D:/git/digital-circuits-design-workspace/ModelSim/projectSemester/src/MUX.vhdl:13]
INFO: [Synth 8-3491] module 'DFF' declared at 'D:/git/digital-circuits-design-workspace/ModelSim/projectSemester/src/DFF.vhdl:4' bound to instance 'PISO_reg' of component 'DFF' [D:/git/digital-circuits-design-workspace/ModelSim/projectSemester/src/PISO_shift_reg.vhdl:61]
INFO: [Synth 8-3491] module 'MUX' declared at 'D:/git/digital-circuits-design-workspace/ModelSim/projectSemester/src/MUX.vhdl:4' bound to instance 'mux_reg' of component 'MUX' [D:/git/digital-circuits-design-workspace/ModelSim/projectSemester/src/PISO_shift_reg.vhdl:55]
INFO: [Synth 8-3491] module 'DFF' declared at 'D:/git/digital-circuits-design-workspace/ModelSim/projectSemester/src/DFF.vhdl:4' bound to instance 'PISO_reg' of component 'DFF' [D:/git/digital-circuits-design-workspace/ModelSim/projectSemester/src/PISO_shift_reg.vhdl:61]
INFO: [Synth 8-3491] module 'MUX' declared at 'D:/git/digital-circuits-design-workspace/ModelSim/projectSemester/src/MUX.vhdl:4' bound to instance 'mux_reg' of component 'MUX' [D:/git/digital-circuits-design-workspace/ModelSim/projectSemester/src/PISO_shift_reg.vhdl:55]
INFO: [Synth 8-3491] module 'DFF' declared at 'D:/git/digital-circuits-design-workspace/ModelSim/projectSemester/src/DFF.vhdl:4' bound to instance 'PISO_reg' of component 'DFF' [D:/git/digital-circuits-design-workspace/ModelSim/projectSemester/src/PISO_shift_reg.vhdl:61]
INFO: [Synth 8-3491] module 'MUX' declared at 'D:/git/digital-circuits-design-workspace/ModelSim/projectSemester/src/MUX.vhdl:4' bound to instance 'mux_reg' of component 'MUX' [D:/git/digital-circuits-design-workspace/ModelSim/projectSemester/src/PISO_shift_reg.vhdl:55]
INFO: [Synth 8-3491] module 'DFF' declared at 'D:/git/digital-circuits-design-workspace/ModelSim/projectSemester/src/DFF.vhdl:4' bound to instance 'PISO_reg' of component 'DFF' [D:/git/digital-circuits-design-workspace/ModelSim/projectSemester/src/PISO_shift_reg.vhdl:61]
INFO: [Synth 8-3491] module 'MUX' declared at 'D:/git/digital-circuits-design-workspace/ModelSim/projectSemester/src/MUX.vhdl:4' bound to instance 'mux_reg' of component 'MUX' [D:/git/digital-circuits-design-workspace/ModelSim/projectSemester/src/PISO_shift_reg.vhdl:55]
INFO: [Synth 8-3491] module 'DFF' declared at 'D:/git/digital-circuits-design-workspace/ModelSim/projectSemester/src/DFF.vhdl:4' bound to instance 'PISO_reg' of component 'DFF' [D:/git/digital-circuits-design-workspace/ModelSim/projectSemester/src/PISO_shift_reg.vhdl:61]
INFO: [Synth 8-3491] module 'MUX' declared at 'D:/git/digital-circuits-design-workspace/ModelSim/projectSemester/src/MUX.vhdl:4' bound to instance 'mux_reg' of component 'MUX' [D:/git/digital-circuits-design-workspace/ModelSim/projectSemester/src/PISO_shift_reg.vhdl:55]
INFO: [Synth 8-3491] module 'DFF' declared at 'D:/git/digital-circuits-design-workspace/ModelSim/projectSemester/src/DFF.vhdl:4' bound to instance 'PISO_reg' of component 'DFF' [D:/git/digital-circuits-design-workspace/ModelSim/projectSemester/src/PISO_shift_reg.vhdl:61]
INFO: [Synth 8-3491] module 'MUX' declared at 'D:/git/digital-circuits-design-workspace/ModelSim/projectSemester/src/MUX.vhdl:4' bound to instance 'mux_reg' of component 'MUX' [D:/git/digital-circuits-design-workspace/ModelSim/projectSemester/src/PISO_shift_reg.vhdl:55]
INFO: [Synth 8-3491] module 'DFF' declared at 'D:/git/digital-circuits-design-workspace/ModelSim/projectSemester/src/DFF.vhdl:4' bound to instance 'PISO_reg' of component 'DFF' [D:/git/digital-circuits-design-workspace/ModelSim/projectSemester/src/PISO_shift_reg.vhdl:61]
INFO: [Synth 8-3491] module 'MUX' declared at 'D:/git/digital-circuits-design-workspace/ModelSim/projectSemester/src/MUX.vhdl:4' bound to instance 'mux_reg' of component 'MUX' [D:/git/digital-circuits-design-workspace/ModelSim/projectSemester/src/PISO_shift_reg.vhdl:55]
INFO: [Synth 8-3491] module 'DFF' declared at 'D:/git/digital-circuits-design-workspace/ModelSim/projectSemester/src/DFF.vhdl:4' bound to instance 'PISO_reg' of component 'DFF' [D:/git/digital-circuits-design-workspace/ModelSim/projectSemester/src/PISO_shift_reg.vhdl:61]
INFO: [Synth 8-256] done synthesizing module 'PISO_shift_reg' (0#1) [D:/git/digital-circuits-design-workspace/ModelSim/projectSemester/src/PISO_shift_reg.vhdl:18]
INFO: [Synth 8-3491] module 'data_flow' declared at 'D:/git/digital-circuits-design-workspace/ModelSim/projectSemester/src/data_flow.vhdl:5' bound to instance 'comp3' of component 'data_flow' [D:/git/digital-circuits-design-workspace/ModelSim/projectSemester/src/TL.vhdl:103]
INFO: [Synth 8-638] synthesizing module 'data_flow' [D:/git/digital-circuits-design-workspace/ModelSim/projectSemester/src/data_flow.vhdl:16]
INFO: [Synth 8-3491] module 'cnt' declared at 'D:/git/digital-circuits-design-workspace/ModelSim/projectSemester/src/cnt.vhdl:5' bound to instance 'comp1' of component 'cnt' [D:/git/digital-circuits-design-workspace/ModelSim/projectSemester/src/data_flow.vhdl:46]
INFO: [Synth 8-638] synthesizing module 'cnt' [D:/git/digital-circuits-design-workspace/ModelSim/projectSemester/src/cnt.vhdl:13]
INFO: [Synth 8-256] done synthesizing module 'cnt' (0#1) [D:/git/digital-circuits-design-workspace/ModelSim/projectSemester/src/cnt.vhdl:13]
INFO: [Synth 8-256] done synthesizing module 'data_flow' (0#1) [D:/git/digital-circuits-design-workspace/ModelSim/projectSemester/src/data_flow.vhdl:16]
INFO: [Synth 8-3491] module 'Int_PLL' declared at 'D:/git/digital-circuits-design-workspace/Vivado/projectSemester/projectSemester.runs/synth_1/.Xil/Vivado-13964-DESKTOP-FDL4QU3/realtime/Int_PLL_stub.vhdl:6' bound to instance 'comp4' of component 'Int_PLL' [D:/git/digital-circuits-design-workspace/ModelSim/projectSemester/src/TL.vhdl:114]
INFO: [Synth 8-638] synthesizing module 'Int_PLL' [D:/git/digital-circuits-design-workspace/Vivado/projectSemester/projectSemester.runs/synth_1/.Xil/Vivado-13964-DESKTOP-FDL4QU3/realtime/Int_PLL_stub.vhdl:17]
INFO: [Synth 8-256] done synthesizing module 'TL' (0#1) [D:/git/digital-circuits-design-workspace/ModelSim/projectSemester/src/TL.vhdl:19]
WARNING: [Synth 8-7129] Port ser_i in module TL is either unconnected or has no load
---------------------------------------------------------------------------------
Finished RTL Elaboration : Time (s): cpu = 00:00:08 ; elapsed = 00:00:09 . Memory (MB): peak = 1450.594 ; gain = 548.320
---------------------------------------------------------------------------------
---------------------------------------------------------------------------------
Start Handling Custom Attributes
---------------------------------------------------------------------------------
---------------------------------------------------------------------------------
Finished Handling Custom Attributes : Time (s): cpu = 00:00:08 ; elapsed = 00:00:09 . Memory (MB): peak = 1450.594 ; gain = 548.320
---------------------------------------------------------------------------------
---------------------------------------------------------------------------------
Finished RTL Optimization Phase 1 : Time (s): cpu = 00:00:08 ; elapsed = 00:00:09 . Memory (MB): peak = 1450.594 ; gain = 548.320
---------------------------------------------------------------------------------
Netlist sorting complete. Time (s): cpu = 00:00:00 ; elapsed = 00:00:00.002 . Memory (MB): peak = 1450.594 ; gain = 0.000
INFO: [Project 1-570] Preparing netlist for logic optimization

Processing XDC Constraints
Initializing timing engine
Parsing XDC File [d:/git/digital-circuits-design-workspace/Vivado/projectSemester/projectSemester.gen/sources_1/ip/Int_PLL/Int_PLL/Int_PLL_in_context.xdc] for cell 'comp4'
Finished Parsing XDC File [d:/git/digital-circuits-design-workspace/Vivado/projectSemester/projectSemester.gen/sources_1/ip/Int_PLL/Int_PLL/Int_PLL_in_context.xdc] for cell 'comp4'
Parsing XDC File [D:/git/digital-circuits-design-workspace/Vivado/projectSemester/projectSemester.srcs/pin_constr/new/pin.xdc]
Finished Parsing XDC File [D:/git/digital-circuits-design-workspace/Vivado/projectSemester/projectSemester.srcs/pin_constr/new/pin.xdc]
INFO: [Project 1-236] Implementation specific constraints were found while reading constraint file [D:/git/digital-circuits-design-workspace/Vivado/projectSemester/projectSemester.srcs/pin_constr/new/pin.xdc]. These constraints will be ignored for synthesis but will be used in implementation. Impacted constraints are listed in the file [.Xil/TL_propImpl.xdc].
Resolution: To avoid this warning, move constraints listed in [.Xil/TL_propImpl.xdc] to another XDC file and exclude this new file from synthesis with the used_in_synthesis property (File Properties dialog in GUI) and re-run elaboration/synthesis.
Completed Processing XDC Constraints

Netlist sorting complete. Time (s): cpu = 00:00:00 ; elapsed = 00:00:00 . Memory (MB): peak = 1536.816 ; gain = 0.000
INFO: [Project 1-111] Unisim Transformation Summary:
No Unisim elements were transformed.

The system cannot find the path specified.
Constraint Validation Runtime : Time (s): cpu = 00:00:00 ; elapsed = 00:00:00.003 . Memory (MB): peak = 1536.816 ; gain = 0.000
INFO: [Designutils 20-5440] No compile time benefit to using incremental synthesis; A full resynthesis will be run
INFO: [Designutils 20-4379] Flow is switching to default flow due to incremental criteria not met. If you would like to alter this behaviour and have the flow terminate instead, please set the following parameter config_implementation {autoIncr.Synth.RejectBehavior Terminate}
---------------------------------------------------------------------------------
Finished Constraint Validation : Time (s): cpu = 00:00:16 ; elapsed = 00:00:19 . Memory (MB): peak = 1536.816 ; gain = 634.543
---------------------------------------------------------------------------------
---------------------------------------------------------------------------------
Start Loading Part and Timing Information
---------------------------------------------------------------------------------
Loading part: xc7z020clg484-1
---------------------------------------------------------------------------------
Finished Loading Part and Timing Information : Time (s): cpu = 00:00:16 ; elapsed = 00:00:19 . Memory (MB): peak = 1536.816 ; gain = 634.543
---------------------------------------------------------------------------------
---------------------------------------------------------------------------------
Start Applying 'set_property' XDC Constraints
---------------------------------------------------------------------------------
Applied set_property IO_BUFFER_TYPE = NONE for clk_i. (constraint file  d:/git/digital-circuits-design-workspace/Vivado/projectSemester/projectSemester.gen/sources_1/ip/Int_PLL/Int_PLL/Int_PLL_in_context.xdc, line 4).
Applied set_property CLOCK_BUFFER_TYPE = NONE for clk_i. (constraint file  d:/git/digital-circuits-design-workspace/Vivado/projectSemester/projectSemester.gen/sources_1/ip/Int_PLL/Int_PLL/Int_PLL_in_context.xdc, line 5).
Applied set_property KEEP_HIERARCHY = SOFT for comp4. (constraint file  auto generated constraint).
---------------------------------------------------------------------------------
Finished applying 'set_property' XDC Constraints : Time (s): cpu = 00:00:16 ; elapsed = 00:00:19 . Memory (MB): peak = 1536.816 ; gain = 634.543
---------------------------------------------------------------------------------
INFO: [Synth 8-802] inferred FSM for state register 'current_state_s_reg' in module 'data_flow'
WARNING: [Synth 8-327] inferring latch for variable 'shift_s_reg' [D:/git/digital-circuits-design-workspace/ModelSim/projectSemester/src/data_flow.vhdl:44]
---------------------------------------------------------------------------------------------------
                   State |                     New Encoding |                Previous Encoding 
---------------------------------------------------------------------------------------------------
                   reset |                               00 |                               11
                 running |                               01 |                               01
                   shift |                               10 |                               10
                    idle |                               11 |                               00
---------------------------------------------------------------------------------------------------
INFO: [Synth 8-3354] encoded FSM with state register 'current_state_s_reg' using encoding 'sequential' in module 'data_flow'
WARNING: [Synth 8-327] inferring latch for variable 'enSIPO_s_reg' [D:/git/digital-circuits-design-workspace/ModelSim/projectSemester/src/data_flow.vhdl:41]
---------------------------------------------------------------------------------
Finished RTL Optimization Phase 2 : Time (s): cpu = 00:00:17 ; elapsed = 00:00:20 . Memory (MB): peak = 1536.816 ; gain = 634.543
---------------------------------------------------------------------------------
---------------------------------------------------------------------------------
Start RTL Component Statistics 
---------------------------------------------------------------------------------
Detailed RTL Component Info : 
+---Adders : 
	   2 Input   32 Bit       Adders := 1     
+---Registers : 
	                1 Bit    Registers := 49    
+---Muxes : 
	   4 Input    2 Bit        Muxes := 1     
	   2 Input    2 Bit        Muxes := 2     
	   2 Input    1 Bit        Muxes := 9     
	   4 Input    1 Bit        Muxes := 4     
---------------------------------------------------------------------------------
Finished RTL Component Statistics 
---------------------------------------------------------------------------------
---------------------------------------------------------------------------------
Start Part Resource Summary
---------------------------------------------------------------------------------
Part Resources:
DSPs: 220 (col length:60)
BRAMs: 280 (col length: RAMB18 60 RAMB36 30)
---------------------------------------------------------------------------------
Finished Part Resource Summary
---------------------------------------------------------------------------------
---------------------------------------------------------------------------------
Start Cross Boundary and Area Optimization
---------------------------------------------------------------------------------
WARNING: [Synth 8-7080] Parallel synthesis criteria is not met
WARNING: [Synth 8-7129] Port ser_i in module TL is either unconnected or has no load
---------------------------------------------------------------------------------
Finished Cross Boundary and Area Optimization : Time (s): cpu = 00:00:18 ; elapsed = 00:00:22 . Memory (MB): peak = 1536.816 ; gain = 634.543
---------------------------------------------------------------------------------
---------------------------------------------------------------------------------
Start Applying XDC Timing Constraints
---------------------------------------------------------------------------------
---------------------------------------------------------------------------------
Finished Applying XDC Timing Constraints : Time (s): cpu = 00:00:24 ; elapsed = 00:00:29 . Memory (MB): peak = 1536.816 ; gain = 634.543
---------------------------------------------------------------------------------
---------------------------------------------------------------------------------
Start Timing Optimization
---------------------------------------------------------------------------------
---------------------------------------------------------------------------------
Finished Timing Optimization : Time (s): cpu = 00:00:24 ; elapsed = 00:00:29 . Memory (MB): peak = 1536.816 ; gain = 634.543
---------------------------------------------------------------------------------
---------------------------------------------------------------------------------
Start Technology Mapping
---------------------------------------------------------------------------------
---------------------------------------------------------------------------------
Finished Technology Mapping : Time (s): cpu = 00:00:24 ; elapsed = 00:00:29 . Memory (MB): peak = 1536.816 ; gain = 634.543
---------------------------------------------------------------------------------
---------------------------------------------------------------------------------
Start IO Insertion
---------------------------------------------------------------------------------
---------------------------------------------------------------------------------
Start Flattening Before IO Insertion
---------------------------------------------------------------------------------
---------------------------------------------------------------------------------
Finished Flattening Before IO Insertion
---------------------------------------------------------------------------------
---------------------------------------------------------------------------------
Start Final Netlist Cleanup
---------------------------------------------------------------------------------
---------------------------------------------------------------------------------
Finished Final Netlist Cleanup
---------------------------------------------------------------------------------
---------------------------------------------------------------------------------
Finished IO Insertion : Time (s): cpu = 00:00:29 ; elapsed = 00:00:34 . Memory (MB): peak = 1536.816 ; gain = 634.543
---------------------------------------------------------------------------------
---------------------------------------------------------------------------------
Start Renaming Generated Instances
---------------------------------------------------------------------------------
---------------------------------------------------------------------------------
Finished Renaming Generated Instances : Time (s): cpu = 00:00:29 ; elapsed = 00:00:34 . Memory (MB): peak = 1536.816 ; gain = 634.543
---------------------------------------------------------------------------------
---------------------------------------------------------------------------------
Start Rebuilding User Hierarchy
---------------------------------------------------------------------------------
---------------------------------------------------------------------------------
Finished Rebuilding User Hierarchy : Time (s): cpu = 00:00:29 ; elapsed = 00:00:34 . Memory (MB): peak = 1536.816 ; gain = 634.543
---------------------------------------------------------------------------------
---------------------------------------------------------------------------------
Start Renaming Generated Ports
---------------------------------------------------------------------------------
---------------------------------------------------------------------------------
Finished Renaming Generated Ports : Time (s): cpu = 00:00:29 ; elapsed = 00:00:34 . Memory (MB): peak = 1536.816 ; gain = 634.543
---------------------------------------------------------------------------------
---------------------------------------------------------------------------------
Start Handling Custom Attributes
---------------------------------------------------------------------------------
---------------------------------------------------------------------------------
Finished Handling Custom Attributes : Time (s): cpu = 00:00:29 ; elapsed = 00:00:34 . Memory (MB): peak = 1536.816 ; gain = 634.543
---------------------------------------------------------------------------------
---------------------------------------------------------------------------------
Start Renaming Generated Nets
---------------------------------------------------------------------------------
---------------------------------------------------------------------------------
Finished Renaming Generated Nets : Time (s): cpu = 00:00:29 ; elapsed = 00:00:34 . Memory (MB): peak = 1536.816 ; gain = 634.543
---------------------------------------------------------------------------------
---------------------------------------------------------------------------------
Start Writing Synthesis Report
---------------------------------------------------------------------------------

Report BlackBoxes: 
+------+--------------+----------+
|      |BlackBox name |Instances |
+------+--------------+----------+
|1     |Int_PLL       |         1|
+------+--------------+----------+

Report Cell Usage: 
+------+-------------+------+
|      |Cell         |Count |
+------+-------------+------+
|1     |Int_PLL_bbox |     1|
|2     |CARRY4       |    20|
|3     |LUT1         |     2|
|4     |LUT2         |    70|
|5     |LUT3         |     2|
|6     |LUT4         |     9|
|7     |FDCE         |    58|
|8     |FDRE         |     1|
|9     |LD           |     2|
|10    |IBUF         |    10|
|11    |OBUF         |     8|
+------+-------------+------+
---------------------------------------------------------------------------------
Finished Writing Synthesis Report : Time (s): cpu = 00:00:29 ; elapsed = 00:00:34 . Memory (MB): peak = 1536.816 ; gain = 634.543
---------------------------------------------------------------------------------
Synthesis finished with 0 errors, 0 critical warnings and 4 warnings.
Synthesis Optimization Runtime : Time (s): cpu = 00:00:19 ; elapsed = 00:00:31 . Memory (MB): peak = 1536.816 ; gain = 548.320
Synthesis Optimization Complete : Time (s): cpu = 00:00:29 ; elapsed = 00:00:34 . Memory (MB): peak = 1536.816 ; gain = 634.543
INFO: [Project 1-571] Translating synthesized netlist
Netlist sorting complete. Time (s): cpu = 00:00:00 ; elapsed = 00:00:00.003 . Memory (MB): peak = 1536.816 ; gain = 0.000
INFO: [Netlist 29-17] Analyzing 22 Unisim elements for replacement
INFO: [Netlist 29-28] Unisim Transformation completed in 0 CPU seconds
INFO: [Project 1-570] Preparing netlist for logic optimization
INFO: [Opt 31-138] Pushed 0 inverter(s) to 0 load pin(s).
Netlist sorting complete. Time (s): cpu = 00:00:00 ; elapsed = 00:00:00 . Memory (MB): peak = 1536.816 ; gain = 0.000
INFO: [Project 1-111] Unisim Transformation Summary:
  A total of 2 instances were transformed.
  LD => LDCE: 2 instances

The system cannot find the path specified.
Synth Design complete | Checksum: e5b9b96f
INFO: [Common 17-83] Releasing license: Synthesis
76 Infos, 6 Warnings, 0 Critical Warnings and 0 Errors encountered.
synth_design completed successfully
synth_design: Time (s): cpu = 00:00:34 ; elapsed = 00:00:47 . Memory (MB): peak = 1536.816 ; gain = 1054.762
Write ShapeDB Complete: Time (s): cpu = 00:00:00 ; elapsed = 00:00:00.002 . Memory (MB): peak = 1536.816 ; gain = 0.000
INFO: [Common 17-1381] The checkpoint 'D:/git/digital-circuits-design-workspace/Vivado/projectSemester/projectSemester.runs/synth_1/TL.dcp' has been generated.
INFO: [runtcl-4] Executing : report_utilization -file TL_utilization_synth.rpt -pb TL_utilization_synth.pb
INFO: [Common 17-206] Exiting Vivado at Tue Feb 20 20:48:21 2024...
